<?xml version="1.0" encoding="UTF-8"?>
<!-- Generated by org.testng.reporters.JUnitReportReporter -->
<testsuite hostname="Saurav-PC" name="com.seleniumAutomation.selenumProject.app.Module1" tests="1" failures="0" timestamp="25 Jan 2018 09:14:54 GMT" time="0.014" errors="0">
  <testcase name="mainTest" time="0.014" classname="com.seleniumAutomation.selenumProject.app.Module1"/>
</testsuite> <!-- com.seleniumAutomation.selenumProject.app.Module1 -->
